<?xml version="1.0" encoding="UTF-8"?>
<testsuite xmlns:xsi="http://www.w3.org/2001/XMLSchema-instance" xsi:noNamespaceSchemaLocation="https://maven.apache.org/surefire/maven-surefire-plugin/xsd/surefire-test-report-3.0.xsd" version="3.0" name="com.wip.MainClassTest" time="0.385" tests="2" errors="0" skipped="0" failures="0">
  <properties>
[...]
</properties>
  <testcase name="testAdd" classname="com.wip.MainClassTest" time="0.042">
    <system-out><![CDATA[From SetupClass method
From Setup method
From add method
From TEAR Down  method
]]></system-out>
  </testcase>
  <testcase name="testMultiply" classname="com.wip.MainClassTest" time="0.011">
    <system-out><![CDATA[From Setup method
From multiply method
From TEAR Down  method
]]></system-out>
  </testcase>
</testsuite>